<?xml version="1.0" encoding="UTF-8"?>
<!-- Generated by org.testng.reporters.JUnitReportReporter -->
<testsuite hostname="LAPTOP-62C0PDQP" failures="0" tests="1" name="testCases.Tc002_LoginTest" time="2.140" errors="0" timestamp="2025-07-31T15:32:15 IST" skipped="0">
  <testcase classname="testCases.Tc002_LoginTest" name="varified_login_test" time="2.140"/>
</testsuite> <!-- testCases.Tc002_LoginTest -->
