<?xml version="1.0" encoding="UTF-8"?>
<!-- Generated by org.testng.reporters.JUnitReportReporter -->
<testsuite hostname="LAPTOP-62C0PDQP" failures="0" tests="1" name="testCases.Tc004_ForgotPasswordFunctinalityTest" time="3.054" errors="0" timestamp="2025-08-01T15:28:11 IST" skipped="0">
  <testcase classname="testCases.Tc004_ForgotPasswordFunctinalityTest" name="varifyForgotPass_PageFunctinality" time="3.054"/>
</testsuite> <!-- testCases.Tc004_ForgotPasswordFunctinalityTest -->
