<?xml version="1.0" encoding="UTF-8"?>
<!-- Generated by org.testng.reporters.JUnitReportReporter -->
<testsuite hostname="LAPTOP-62C0PDQP" failures="0" tests="3" name="testCases.Tc003LoginDDT" time="64.636" errors="0" timestamp="2025-07-25T16:28:50 IST" skipped="0">
  <testcase classname="testCases.Tc003LoginDDT" name="varify_LoginDDT" time="30.977"/>
  <testcase classname="testCases.Tc003LoginDDT" name="varify_LoginDDT" time="2.351"/>
  <testcase classname="testCases.Tc003LoginDDT" name="varify_LoginDDT" time="31.308"/>
</testsuite> <!-- testCases.Tc003LoginDDT -->
