<?xml version="1.0" encoding="UTF-8"?>
<!-- Generated by org.testng.reporters.JUnitReportReporter -->
<testsuite hostname="LAPTOP-62C0PDQP" failures="0" tests="1" name="testCases.Tc001_AccountRegistationTest" time="2.881" errors="0" timestamp="2025-07-31T15:32:15 IST" skipped="0">
  <testcase classname="testCases.Tc001_AccountRegistationTest" name="Varify_Account_Registation" time="2.881"/>
</testsuite> <!-- testCases.Tc001_AccountRegistationTest -->
